Split based on User
Original Train Dataset: 2266586
Split Train Dataset: 2266586
Split Valid Dataset: 259370
Preprocessing Labels .. 
Label Columns: ['testPaper', 'firstClass', 'secondClass']

Length of testPaper            : 1538
Before : 0    060001
1    060001
2    060001
3    060001
4    060001
5    060001
6    060003
7    060003
8    060003
9    060003
Name: testPaper, dtype: object
After : 0    975
1    975
2    975
3    975
4    975
5    975
6    977
7    977
8    977
9    977
Name: testPaper, dtype: int64

Length of firstClass           : 10
Before : 0    6
1    6
2    6
3    6
4    6
5    6
6    6
7    6
8    6
9    6
Name: firstClass, dtype: object
After : 0    5
1    5
2    5
3    5
4    5
5    5
6    5
7    5
8    5
9    5
Name: firstClass, dtype: int64

Length of secondClass          : 913
Before : 0    7224
1    7225
2    7225
3    7225
4    7225
5    7225
6    7226
7    7226
8    7226
9    7226
Name: secondClass, dtype: object
After : 0    618
1    619
2    619
3    619
4    619
5    619
6    620
7    620
8    620
9    620
Name: secondClass, dtype: int64
Preprocessing Min Max .. 
Min Max Columns: ['correctPer']
MAX: [1.] MIN: [0.]
Preprocessing Min Max .. 
Standard Columns: ['timeSec', 'firstClassDifficulty']
MEAN: [1.59505542e+09 6.54378435e-01] VAR: [4.90959795e+13 4.68436910e-02]
Group By (userID, firstClass)
Group By (userID, firstClass) Length: 17752
Group By (userID, firstClass) Length: 1987
Group By (userID, firstClass) Length: 1987
